# JRE version: OpenJDK Runtime Environment Temurin-21.0.8+9 (21.0.8+9) (build 21.0.8+9-LTS)
# Java VM: OpenJDK 64-Bit Server VM Temurin-21.0.8+9 (21.0.8+9-LTS, mixed mode, sharing, tiered, compressed oops, compressed class ptrs, parallel gc, windows-amd64)
GC Precious Log:
 CardTable entry size: 512
 CPUs: 16 total, 16 available
 Memory: 15693M
 Large Page Support: Disabled
 NUMA Support: Disabled
 Compressed Oops: Enabled (32-bit)
 Alignments: Space 512K, Generation 512K, Heap 2M
 Heap Min Capacity: 100M
 Heap Initial Capacity: 100M
 Heap Max Capacity: 2G
 Pre-touch: Disabled
 Parallel Workers: 13
Heap:
 PSYoungGen      total 2048K, used 1921K [0x00000000d5580000, 0x00000000d5a80000, 0x0000000100000000)
  eden space 1536K, 93% used [0x00000000d5580000,0x00000000d56e8620,0x00000000d5700000)
  from space 512K, 93% used [0x00000000d5980000,0x00000000d59f8020,0x00000000d5a00000)
  to   space 512K, 0% used [0x00000000d5a00000,0x00000000d5a00000,0x00000000d5a80000)
 ParOldGen       total 1082368K, used 1082162K [0x0000000080000000, 0x00000000c2100000, 0x00000000d5580000)
  object space 1082368K, 99% used [0x0000000080000000,0x00000000c20cc878,0x00000000c2100000)
 Metaspace       used 88365K, committed 90176K, reserved 1179648K
  class space    used 10387K, committed 11200K, reserved 1048576K
GC Heap History (20 events):
Event: 2509.121 GC heap before
{Heap before GC invocations=3747 (full 4):
 PSYoungGen      total 2048K, used 1824K [0x00000000d5580000, 0x00000000d5a80000, 0x0000000100000000)
  eden space 1536K, 100% used [0x00000000d5580000,0x00000000d5700000,0x00000000d5700000)
  from space 512K, 56% used [0x00000000d5980000,0x00000000d59c8000,0x00000000d5a00000)
  to   space 512K, 0% used [0x00000000d5a00000,0x00000000d5a00000,0x00000000d5a80000)
 ParOldGen       total 1081856K, used 1081690K [0x0000000080000000, 0x00000000c2080000, 0x00000000d5580000)
  object space 1081856K, 99% used [0x0000000080000000,0x00000000c2056878,0x00000000c2080000)
 Metaspace       used 88050K, committed 89792K, reserved 1179648K
  class space    used 10357K, committed 11136K, reserved 1048576K
}
Event: 2509.123 GC heap after
{Heap after GC invocations=3747 (full 4):
 PSYoungGen      total 2048K, used 256K [0x00000000d5580000, 0x00000000d5a80000, 0x0000000100000000)
  eden space 1536K, 0% used [0x00000000d5580000,0x00000000d5580000,0x00000000d5700000)
  from space 512K, 50% used [0x00000000d5a00000,0x00000000d5a40000,0x00000000d5a80000)
  to   space 512K, 0% used [0x00000000d5980000,0x00000000d5980000,0x00000000d5a00000)
 ParOldGen       total 1081856K, used 1081706K [0x0000000080000000, 0x00000000c2080000, 0x00000000d5580000)
  object space 1081856K, 99% used [0x0000000080000000,0x00000000c205a878,0x00000000c2080000)
 Metaspace       used 88050K, committed 89792K, reserved 1179648K
  class space    used 10357K, committed 11136K, reserved 1048576K
}
Event: 2511.612 GC heap before
{Heap before GC invocations=3748 (full 4):
 PSYoungGen      total 2048K, used 1791K [0x00000000d5580000, 0x00000000d5a80000, 0x0000000100000000)
  eden space 1536K, 99% used [0x00000000d5580000,0x00000000d56fff70,0x00000000d5700000)
  from space 512K, 50% used [0x00000000d5a00000,0x00000000d5a40000,0x00000000d5a80000)
  to   space 512K, 0% used [0x00000000d5980000,0x00000000d5980000,0x00000000d5a00000)
 ParOldGen       total 1081856K, used 1081706K [0x0000000080000000, 0x00000000c2080000, 0x00000000d5580000)
  object space 1081856K, 99% used [0x0000000080000000,0x00000000c205a878,0x00000000c2080000)
 Metaspace       used 88050K, committed 89792K, reserved 1179648K
  class space    used 10357K, committed 11136K, reserved 1048576K
}
Event: 2511.614 GC heap after
{Heap after GC invocations=3748 (full 4):
 PSYoungGen      total 2048K, used 256K [0x00000000d5580000, 0x00000000d5a80000, 0x0000000100000000)
  eden space 1536K, 0% used [0x00000000d5580000,0x00000000d5580000,0x00000000d5700000)
  from space 512K, 50% used [0x00000000d5980000,0x00000000d59c0000,0x00000000d5a00000)
  to   space 512K, 0% used [0x00000000d5a00000,0x00000000d5a00000,0x00000000d5a80000)
 ParOldGen       total 1081856K, used 1081706K [0x0000000080000000, 0x00000000c2080000, 0x00000000d5580000)
  object space 1081856K, 99% used [0x0000000080000000,0x00000000c205a878,0x00000000c2080000)
 Metaspace       used 88050K, committed 89792K, reserved 1179648K
  class space    used 10357K, committed 11136K, reserved 1048576K
}
Event: 8342.423 GC heap before
{Heap before GC invocations=3749 (full 4):
 PSYoungGen      total 2048K, used 1791K [0x00000000d5580000, 0x00000000d5a80000, 0x0000000100000000)
  eden space 1536K, 99% used [0x00000000d5580000,0x00000000d56ffff8,0x00000000d5700000)
  from space 512K, 50% used [0x00000000d5980000,0x00000000d59c0000,0x00000000d5a00000)
  to   space 512K, 0% used [0x00000000d5a00000,0x00000000d5a00000,0x00000000d5a80000)
 ParOldGen       total 1081856K, used 1081706K [0x0000000080000000, 0x00000000c2080000, 0x00000000d5580000)
  object space 1081856K, 99% used [0x0000000080000000,0x00000000c205a878,0x00000000c2080000)
 Metaspace       used 88089K, committed 89856K, reserved 1179648K
  class space    used 10357K, committed 11136K, reserved 1048576K
}
Event: 8342.559 GC heap after
{Heap after GC invocations=3749 (full 4):
 PSYoungGen      total 2048K, used 320K [0x00000000d5580000, 0x00000000d5a80000, 0x0000000100000000)
  eden space 1536K, 0% used [0x00000000d5580000,0x00000000d5580000,0x00000000d5700000)
  from space 512K, 62% used [0x00000000d5a00000,0x00000000d5a50000,0x00000000d5a80000)
  to   space 512K, 0% used [0x00000000d5980000,0x00000000d5980000,0x00000000d5a00000)
 ParOldGen       total 1081856K, used 1081714K [0x0000000080000000, 0x00000000c2080000, 0x00000000d5580000)
  object space 1081856K, 99% used [0x0000000080000000,0x00000000c205c878,0x00000000c2080000)
 Metaspace       used 88089K, committed 89856K, reserved 1179648K
  class space    used 10357K, committed 11136K, reserved 1048576K
}
Event: 8342.719 GC heap before
{Heap before GC invocations=3750 (full 4):
 PSYoungGen      total 2048K, used 1856K [0x00000000d5580000, 0x00000000d5a80000, 0x0000000100000000)
  eden space 1536K, 100% used [0x00000000d5580000,0x00000000d5700000,0x00000000d5700000)
  from space 512K, 62% used [0x00000000d5a00000,0x00000000d5a50000,0x00000000d5a80000)
  to   space 512K, 0% used [0x00000000d5980000,0x00000000d5980000,0x00000000d5a00000)
 ParOldGen       total 1081856K, used 1081714K [0x0000000080000000, 0x00000000c2080000, 0x00000000d5580000)
  object space 1081856K, 99% used [0x0000000080000000,0x00000000c205c878,0x00000000c2080000)
 Metaspace       used 88089K, committed 89856K, reserved 1179648K
  class space    used 10357K, committed 11136K, reserved 1048576K
}
Event: 8342.722 GC heap after
{Heap after GC invocations=3750 (full 4):
 PSYoungGen      total 2048K, used 288K [0x00000000d5580000, 0x00000000d5a80000, 0x0000000100000000)
  eden space 1536K, 0% used [0x00000000d5580000,0x00000000d5580000,0x00000000d5700000)
  from space 512K, 56% used [0x00000000d5980000,0x00000000d59c8000,0x00000000d5a00000)
  to   space 512K, 0% used [0x00000000d5a00000,0x00000000d5a00000,0x00000000d5a80000)
 ParOldGen       total 1081856K, used 1081778K [0x0000000080000000, 0x00000000c2080000, 0x00000000d5580000)
  object space 1081856K, 99% used [0x0000000080000000,0x00000000c206c878,0x00000000c2080000)
 Metaspace       used 88089K, committed 89856K, reserved 1179648K
  class space    used 10357K, committed 11136K, reserved 1048576K
}
Event: 8347.434 GC heap before
{Heap before GC invocations=3751 (full 4):
 PSYoungGen      total 2048K, used 1824K [0x00000000d5580000, 0x00000000d5a80000, 0x0000000100000000)
  eden space 1536K, 100% used [0x00000000d5580000,0x00000000d5700000,0x00000000d5700000)
  from space 512K, 56% used [0x00000000d5980000,0x00000000d59c8000,0x00000000d5a00000)
  to   space 512K, 0% used [0x00000000d5a00000,0x00000000d5a00000,0x00000000d5a80000)
 ParOldGen       total 1081856K, used 1081778K [0x0000000080000000, 0x00000000c2080000, 0x00000000d5580000)
  object space 1081856K, 99% used [0x0000000080000000,0x00000000c206c878,0x00000000c2080000)
 Metaspace       used 88090K, committed 89856K, reserved 1179648K
  class space    used 10357K, committed 11136K, reserved 1048576K
}
Event: 8347.440 GC heap after
{Heap after GC invocations=3751 (full 4):
 PSYoungGen      total 2048K, used 384K [0x00000000d5580000, 0x00000000d5a80000, 0x0000000100000000)
  eden space 1536K, 0% used [0x00000000d5580000,0x00000000d5580000,0x00000000d5700000)
  from space 512K, 75% used [0x00000000d5a00000,0x00000000d5a60000,0x00000000d5a80000)
  to   space 512K, 0% used [0x00000000d5980000,0x00000000d5980000,0x00000000d5a00000)
 ParOldGen       total 1081856K, used 1081826K [0x0000000080000000, 0x00000000c2080000, 0x00000000d5580000)
  object space 1081856K, 99% used [0x0000000080000000,0x00000000c2078878,0x00000000c2080000)
 Metaspace       used 88090K, committed 89856K, reserved 1179648K
  class space    used 10357K, committed 11136K, reserved 1048576K
}
Event: 8351.314 GC heap before
{Heap before GC invocations=3752 (full 4):
 PSYoungGen      total 2048K, used 1920K [0x00000000d5580000, 0x00000000d5a80000, 0x0000000100000000)
  eden space 1536K, 100% used [0x00000000d5580000,0x00000000d5700000,0x00000000d5700000)
  from space 512K, 75% used [0x00000000d5a00000,0x00000000d5a60000,0x00000000d5a80000)
  to   space 512K, 0% used [0x00000000d5980000,0x00000000d5980000,0x00000000d5a00000)
 ParOldGen       total 1081856K, used 1081826K [0x0000000080000000, 0x00000000c2080000, 0x00000000d5580000)
  object space 1081856K, 99% used [0x0000000080000000,0x00000000c2078878,0x00000000c2080000)
 Metaspace       used 88091K, committed 89856K, reserved 1179648K
  class space    used 10357K, committed 11136K, reserved 1048576K
}
Event: 8351.316 GC heap after
{Heap after GC invocations=3752 (full 4):
 PSYoungGen      total 2048K, used 384K [0x00000000d5580000, 0x00000000d5a80000, 0x0000000100000000)
  eden space 1536K, 0% used [0x00000000d5580000,0x00000000d5580000,0x00000000d5700000)
  from space 512K, 75% used [0x00000000d5980000,0x00000000d59e0000,0x00000000d5a00000)
  to   space 512K, 0% used [0x00000000d5a00000,0x00000000d5a00000,0x00000000d5a80000)
 ParOldGen       total 1082368K, used 1081890K [0x0000000080000000, 0x00000000c2100000, 0x00000000d5580000)
  object space 1082368K, 99% used [0x0000000080000000,0x00000000c2088878,0x00000000c2100000)
 Metaspace       used 88091K, committed 89856K, reserved 1179648K
  class space    used 10357K, committed 11136K, reserved 1048576K
}
Event: 8351.343 GC heap before
{Heap before GC invocations=3753 (full 4):
 PSYoungGen      total 2048K, used 1920K [0x00000000d5580000, 0x00000000d5a80000, 0x0000000100000000)
  eden space 1536K, 100% used [0x00000000d5580000,0x00000000d5700000,0x00000000d5700000)
  from space 512K, 75% used [0x00000000d5980000,0x00000000d59e0000,0x00000000d5a00000)
  to   space 512K, 0% used [0x00000000d5a00000,0x00000000d5a00000,0x00000000d5a80000)
 ParOldGen       total 1082368K, used 1081890K [0x0000000080000000, 0x00000000c2100000, 0x00000000d5580000)
  object space 1082368K, 99% used [0x0000000080000000,0x00000000c2088878,0x00000000c2100000)
 Metaspace       used 88091K, committed 89856K, reserved 1179648K
  class space    used 10357K, committed 11136K, reserved 1048576K
}
Event: 8351.347 GC heap after
{Heap after GC invocations=3753 (full 4):
 PSYoungGen      total 2048K, used 224K [0x00000000d5580000, 0x00000000d5a80000, 0x0000000100000000)
  eden space 1536K, 0% used [0x00000000d5580000,0x00000000d5580000,0x00000000d5700000)
  from space 512K, 43% used [0x00000000d5a00000,0x00000000d5a38000,0x00000000d5a80000)
  to   space 512K, 0% used [0x00000000d5980000,0x00000000d5980000,0x00000000d5a00000)
 ParOldGen       total 1082368K, used 1081978K [0x0000000080000000, 0x00000000c2100000, 0x00000000d5580000)
  object space 1082368K, 99% used [0x0000000080000000,0x00000000c209e878,0x00000000c2100000)
 Metaspace       used 88091K, committed 89856K, reserved 1179648K
  class space    used 10357K, committed 11136K, reserved 1048576K
}
Event: 8355.389 GC heap before
{Heap before GC invocations=3754 (full 4):
 PSYoungGen      total 2048K, used 1760K [0x00000000d5580000, 0x00000000d5a80000, 0x0000000100000000)
  eden space 1536K, 100% used [0x00000000d5580000,0x00000000d5700000,0x00000000d5700000)
  from space 512K, 43% used [0x00000000d5a00000,0x00000000d5a38000,0x00000000d5a80000)
  to   space 512K, 0% used [0x00000000d5980000,0x00000000d5980000,0x00000000d5a00000)
 ParOldGen       total 1082368K, used 1081978K [0x0000000080000000, 0x00000000c2100000, 0x00000000d5580000)
  object space 1082368K, 99% used [0x0000000080000000,0x00000000c209e878,0x00000000c2100000)
 Metaspace       used 88093K, committed 89856K, reserved 1179648K
  class space    used 10357K, committed 11136K, reserved 1048576K
}
Event: 8355.391 GC heap after
{Heap after GC invocations=3754 (full 4):
 PSYoungGen      total 2048K, used 384K [0x00000000d5580000, 0x00000000d5a80000, 0x0000000100000000)
  eden space 1536K, 0% used [0x00000000d5580000,0x00000000d5580000,0x00000000d5700000)
  from space 512K, 75% used [0x00000000d5980000,0x00000000d59e0000,0x00000000d5a00000)
  to   space 512K, 0% used [0x00000000d5a00000,0x00000000d5a00000,0x00000000d5a80000)
 ParOldGen       total 1082368K, used 1082058K [0x0000000080000000, 0x00000000c2100000, 0x00000000d5580000)
  object space 1082368K, 99% used [0x0000000080000000,0x00000000c20b2878,0x00000000c2100000)
 Metaspace       used 88093K, committed 89856K, reserved 1179648K
  class space    used 10357K, committed 11136K, reserved 1048576K
}
Event: 8642.825 GC heap before
{Heap before GC invocations=3755 (full 4):
 PSYoungGen      total 2048K, used 1915K [0x00000000d5580000, 0x00000000d5a80000, 0x0000000100000000)
  eden space 1536K, 99% used [0x00000000d5580000,0x00000000d56fed38,0x00000000d5700000)
  from space 512K, 75% used [0x00000000d5980000,0x00000000d59e0000,0x00000000d5a00000)
  to   space 512K, 0% used [0x00000000d5a00000,0x00000000d5a00000,0x00000000d5a80000)
 ParOldGen       total 1082368K, used 1082058K [0x0000000080000000, 0x00000000c2100000, 0x00000000d5580000)
  object space 1082368K, 99% used [0x0000000080000000,0x00000000c20b2878,0x00000000c2100000)
 Metaspace       used 88097K, committed 89856K, reserved 1179648K
  class space    used 10357K, committed 11136K, reserved 1048576K
}
Event: 8642.830 GC heap after
{Heap after GC invocations=3755 (full 4):
 PSYoungGen      total 2048K, used 320K [0x00000000d5580000, 0x00000000d5a80000, 0x0000000100000000)
  eden space 1536K, 0% used [0x00000000d5580000,0x00000000d5580000,0x00000000d5700000)
  from space 512K, 62% used [0x00000000d5a00000,0x00000000d5a50000,0x00000000d5a80000)
  to   space 512K, 0% used [0x00000000d5980000,0x00000000d5980000,0x00000000d5a00000)
 ParOldGen       total 1082368K, used 1082122K [0x0000000080000000, 0x00000000c2100000, 0x00000000d5580000)
  object space 1082368K, 99% used [0x0000000080000000,0x00000000c20c2878,0x00000000c2100000)
 Metaspace       used 88097K, committed 89856K, reserved 1179648K
  class space    used 10357K, committed 11136K, reserved 1048576K
}
Event: 18296.630 GC heap before
{Heap before GC invocations=3756 (full 4):
 PSYoungGen      total 2048K, used 1844K [0x00000000d5580000, 0x00000000d5a80000, 0x0000000100000000)
  eden space 1536K, 99% used [0x00000000d5580000,0x00000000d56fd040,0x00000000d5700000)
  from space 512K, 62% used [0x00000000d5a00000,0x00000000d5a50000,0x00000000d5a80000)
  to   space 512K, 0% used [0x00000000d5980000,0x00000000d5980000,0x00000000d5a00000)
 ParOldGen       total 1082368K, used 1082122K [0x0000000080000000, 0x00000000c2100000, 0x00000000d5580000)
  object space 1082368K, 99% used [0x0000000080000000,0x00000000c20c2878,0x00000000c2100000)
 Metaspace       used 88164K, committed 89920K, reserved 1179648K
  class space    used 10366K, committed 11136K, reserved 1048576K
}
Event: 18296.753 GC heap after
{Heap after GC invocations=3756 (full 4):
 PSYoungGen      total 2048K, used 480K [0x00000000d5580000, 0x00000000d5a80000, 0x0000000100000000)
  eden space 1536K, 0% used [0x00000000d5580000,0x00000000d5580000,0x00000000d5700000)
  from space 512K, 93% used [0x00000000d5980000,0x00000000d59f8020,0x00000000d5a00000)
  to   space 512K, 0% used [0x00000000d5a00000,0x00000000d5a00000,0x00000000d5a80000)
 ParOldGen       total 1082368K, used 1082162K [0x0000000080000000, 0x00000000c2100000, 0x00000000d5580000)
  object space 1082368K, 99% used [0x0000000080000000,0x00000000c20cc878,0x00000000c2100000)
 Metaspace       used 88164K, committed 89920K, reserved 1179648K
  class space    used 10366K, committed 11136K, reserved 1048576K
}

